<?xml version="1.0" encoding="UTF-8"?>
<!-- Generated by org.testng.reporters.JUnitReportReporter -->
<testsuite hostname="del1-lhp-n78153" failures="0" tests="1" name="com.qa.gorest.tests.AmadeusAPITest" time="3.593" errors="0" timestamp="2023-09-21T12:07:06 IST" skipped="0">
  <testcase classname="com.qa.gorest.tests.AmadeusAPITest" name="getFlightInfoTest" time="3.593"/>
</testsuite> <!-- com.qa.gorest.tests.AmadeusAPITest -->
