<?xml version="1.0" encoding="UTF-8"?>
<!-- Generated by org.testng.reporters.JUnitReportReporter -->
<testsuite hostname="del1-lhp-n78153" failures="0" tests="3" name="com.qa.gorest.tests.GetUserTest" time="2.019" errors="0" timestamp="2023-09-18T16:58:58 IST" skipped="1">
  <testcase classname="com.qa.gorest.tests.GetUserTest" name="getAllUsersTest" time="1.469"/>
  <testcase classname="com.qa.gorest.tests.GetUserTest" name="getUserWithQueryParamsTest" time="0.550"/>
  <testcase classname="com.qa.gorest.tests.GetUserTest" name="getUserTest">
    <skipped/>
  </testcase> <!-- getUserTest -->
</testsuite> <!-- com.qa.gorest.tests.GetUserTest -->
