<?xml version="1.0" encoding="UTF-8"?>
<!-- Generated by org.testng.reporters.JUnitReportReporter -->
<testsuite hostname="del1-lhp-n78153" failures="0" tests="1" name="com.qa.gorest.tests.ReqResAPITest" time="0.142" errors="0" timestamp="2023-09-18T16:58:58 IST" skipped="0">
  <testcase classname="com.qa.gorest.tests.ReqResAPITest" name="getReqResUsersTest" time="0.142"/>
</testsuite> <!-- com.qa.gorest.tests.ReqResAPITest -->
