<?xml version="1.0" encoding="UTF-8"?>
<!-- Generated by org.testng.reporters.JUnitReportReporter -->
<testsuite hostname="del1-lhp-n78153" failures="0" tests="1" name="com.qa.gorest.tests.CircuitTest" time="0.524" errors="0" timestamp="2023-09-18T16:58:58 IST" skipped="0">
  <testcase classname="com.qa.gorest.tests.CircuitTest" name="getCircuitTest" time="0.524"/>
</testsuite> <!-- com.qa.gorest.tests.CircuitTest -->
